<?xml version="1.0" encoding="UTF-8"?>
<!-- Generated by org.testng.reporters.JUnitXMLReporter -->
<testsuite ignored="0" hostname="smitas-MacBook-Air.local" failures="0" tests="2" name="VerifyDiscoverHomePge" time="97.057" errors="0" timestamp="20 Aug 2019 15:47:44 GMT">
  <testcase classname="discoveryTest.DiscoveryPageTest" name="verifyDiscoveryHomePage" time="6.437"/>
  <testcase classname="discoveryTest.DiscoveryMyVideoPageTest" name="verifyMouseOverOnMoreOption" time="50.17"/>
</testsuite> <!-- VerifyDiscoverHomePge -->
